make all --print-data-base --no-builtin-variables --no-builtin-rules --question
# GNU Make 3.81
# Copyright (C) 2006  Free Software Foundation, Inc.
# This is free software; see the source for copying conditions.
# There is NO warranty; not even for MERCHANTABILITY or FITNESS FOR A
# PARTICULAR PURPOSE.

# This program built for i386-apple-darwin11.3.0
 

# Make data base, printed on Thu Aug 25 19:33:16 2022

# Variables

# automatic
<D = $(patsubst %/,%,$(dir $<))
# automatic
?F = $(notdir $?)
# environment
NVM_INC = /Users/ttaaaaaaichi/.nvm/versions/node/v16.15.0/include/node
# automatic
?D = $(patsubst %/,%,$(dir $?))
# automatic
@D = $(patsubst %/,%,$(dir $@))
# automatic
@F = $(notdir $@)
# makefile
CURDIR := /Users/ttaaaaaaichi/git/websocket-server-js/raspberry_pi
# makefile
SHELL = /bin/sh
# environment
VSCODE_NLS_CONFIG = {"locale":"ja","availableLanguages":{"*":"ja"},"_languagePackId":"29207410cd77a70b4b25e4878dda93be.ja","_translationsConfigFile":"/Users/ttaaaaaaichi/Library/Application Support/Code/clp/29207410cd77a70b4b25e4878dda93be.ja/tcf.json","_cacheRoot":"/Users/ttaaaaaaichi/Library/Application Support/Code/clp/29207410cd77a70b4b25e4878dda93be.ja","_resolvedLanguagePackCoreLocation":"/Users/ttaaaaaaichi/Library/Application Support/Code/clp/29207410cd77a70b4b25e4878dda93be.ja/da76f93349a72022ca4670c1b84860304616aaa2","_corruptedFile":"/Users/ttaaaaaaichi/Library/Application Support/Code/clp/29207410cd77a70b4b25e4878dda93be.ja/corrupted.info","_languagePackSupport":true}
# environment
_ = /usr/bin/make
# makefile (from `Makefile', line 1)
MAKEFILE_LIST :=  Makefile
# makefile (from `Makefile', line 9)
SOURCES := 
# environment
__CFBundleIdentifier = com.microsoft.VSCode
# environment
INFOPATH = /opt/homebrew/share/info:
# environment
VSCODE_CWD = /
# environment
PATH = /Users/ttaaaaaaichi/.nvm/versions/node/v16.15.0/bin:/opt/homebrew/Caskroom/miniforge/base/condabin:/opt/homebrew/bin:/opt/homebrew/sbin:/usr/local/bin:/usr/bin:/bin:/usr/sbin:/sbin:/Library/Apple/usr/bin:/Applications/Wireshark.app/Contents/MacOS
# environment
NVM_BIN = /Users/ttaaaaaaichi/.nvm/versions/node/v16.15.0/bin
# environment
ELECTRON_RUN_AS_NODE = 1
# makefile (from `Makefile', line 6)
LDFLAGS := 
# makefile (from `Makefile', line 7)
LIB := -lpthread
# default
.FEATURES := target-specific order-only second-expansion else-if archives jobserver check-symlink
# environment
SSH_AUTH_SOCK = /private/tmp/com.apple.launchd.Sxhn2mFIyH/Listeners
# automatic
%F = $(notdir $%)
# environment
CONDA_EXE = /opt/homebrew/Caskroom/miniforge/base/bin/conda
# environment
PWD = /Users/ttaaaaaaichi/git/websocket-server-js/raspberry_pi
# environment
HOMEBREW_CELLAR = /opt/homebrew/Cellar
# environment
ORIGINAL_XDG_CURRENT_DESKTOP = undefined
# environment
MANPATH = /Users/ttaaaaaaichi/.nvm/versions/node/v16.15.0/share/man:/opt/homebrew/share/man::
# environment
VSCODE_AMD_ENTRYPOINT = vs/workbench/api/node/extensionHostProcess
# environment
HOME = /Users/ttaaaaaaichi
# default
MAKEFILEPATH = $(shell /usr/bin/xcode-select -print-path 2>/dev/null || echo /Developer)/Makefiles
# environment
VSCODE_CODE_CACHE_PATH = /Users/ttaaaaaaichi/Library/Application Support/Code/CachedData/da76f93349a72022ca4670c1b84860304616aaa2
# environment
LOGNAME = ttaaaaaaichi
# environment
APPLICATION_INSIGHTS_NO_DIAGNOSTIC_CHANNEL = 1
# environment
NVM_CD_FLAGS = -q
# environment
VSCODE_HANDLES_UNCAUGHT_ERRORS = true
# automatic
^D = $(patsubst %/,%,$(dir $^))
# environment
XPC_FLAGS = 0x0
# default
MAKE = $(MAKE_COMMAND)
# default
MAKECMDGOALS := all
# environment
SHLVL = 1
# makefile (from `Makefile', line 2)
CC := g++
# default
MAKE_VERSION := 3.81
# environment
USER = ttaaaaaaichi
# makefile
.DEFAULT_GOAL := all
# automatic
%D = $(patsubst %/,%,$(dir $%))
# environment
CONDA_SHLVL = 0
# default
MAKE_COMMAND := /Library/Developer/CommandLineTools/usr/bin/make
# default
.VARIABLES := 
# environment
TMPDIR = /var/folders/_y/bh83wvxj6zq3h_srs_4kqw7h0000gq/T/
# automatic
*F = $(notdir $*)
# environment
VSCODE_IPC_HOOK = /Users/ttaaaaaaichi/Library/Application Support/Code/1.70.0-main.sock
# environment
MallocNanoZone = 0
# makefile
MAKEFLAGS = Rrqp
# environment
MFLAGS = -Rrqp
# automatic
*D = $(patsubst %/,%,$(dir $*))
# environment
NVM_DIR = /Users/ttaaaaaaichi/.nvm
# environment
XPC_SERVICE_NAME = application.com.microsoft.VSCode.39701142.39701148
# environment
HOMEBREW_PREFIX = /opt/homebrew
# automatic
+D = $(patsubst %/,%,$(dir $+))
# automatic
+F = $(notdir $+)
# environment
HOMEBREW_REPOSITORY = /opt/homebrew
# environment
__CF_USER_TEXT_ENCODING = 0x1F7:0x1:0xE
# environment
COMMAND_MODE = unix2003
# default
MAKEFILES := 
# automatic
<F = $(notdir $<)
# makefile (from `Makefile', line 11)
EXECUTABLE := 
# environment
LC_ALL = C
# environment
CONDA_PYTHON_EXE = /opt/homebrew/Caskroom/miniforge/base/bin/python
# automatic
^F = $(notdir $^)
# default
SUFFIXES := 
# environment
_CE_M = 
# environment
MAKELEVEL := 0
# environment
CLICOLOR = 1
# environment
LANG = C
# environment
VSCODE_PID = 45614
# environment
_CE_CONDA = 
# variable set hash-table stats:
# Load=77/1024=8%, Rehash=0, Collisions=1/103=1%

# Pattern-specific Variable Values

# No pattern-specific variable values.

# Directories

# . (device 16777232, inode 42542838): 15 files, no impossibilities.

# 15 files, no impossibilities in 1 directories.

# Implicit Rules

# No implicit rules.

# Files

all:
#  Command-line target.
#  Implicit rule search has not been done.
#  Implicit/static pattern stem: `'
#  File does not exist.
#  File has been updated.
#  Needs to be updated (-q is set).
# automatic
# @ := all
# automatic
# % := 
# automatic
# * := 
# automatic
# + := 
# automatic
# | := 
# automatic
# < := 
# automatic
# ^ := 
# automatic
# ? := 
# variable set hash-table stats:
# Load=8/32=25%, Rehash=0, Collisions=1/10=10%
#  commands to execute (from `Makefile', line 19):
	g++ -o hoge websocket.cpp sc.cpp func.cpp
	

# Not a target:
.SUFFIXES:
#  Implicit rule search has not been done.
#  Modification time never checked.
#  File has not been updated.

# Not a target:
Makefile:
#  Implicit rule search has been done.
#  Last modified 2022-08-25 19:32:53
#  File has been updated.
#  Successfully updated.
# variable set hash-table stats:
# Load=0/32=0%, Rehash=0, Collisions=0/0=0%

# Not a target:
.DEFAULT:
#  Implicit rule search has not been done.
#  Modification time never checked.
#  File has not been updated.

clean:
#  Implicit rule search has not been done.
#  Modification time never checked.
#  File has not been updated.
#  commands to execute (from `Makefile', line 22):
	rm -rf $(EXECUTABLE)
	

# files hash-table stats:
# Load=5/1024=0%, Rehash=0, Collisions=0/19=0%
# VPATH Search Paths

# No `vpath' search paths.

# No general (`VPATH' variable) search path.

# # of strings in strcache: 1
# # of strcache buffers: 1
# strcache size: total = 4096 / max = 4096 / min = 4096 / avg = 4096
# strcache free: total = 4087 / max = 4087 / min = 4087 / avg = 4087

# Finished Make data base on Thu Aug 25 19:33:16 2022

 
